mode: set
github.com/solomon-os/go-test/cmd/drift-detector/main.go:31.13,32.42 1 0
github.com/solomon-os/go-test/cmd/drift-detector/main.go:32.42,34.3 1 0
github.com/solomon-os/go-test/cmd/drift-detector/main.go:48.13,57.2 7 0
github.com/solomon-os/go-test/cmd/drift-detector/main.go:59.59,66.16 5 0
github.com/solomon-os/go-test/cmd/drift-detector/main.go:66.16,68.3 1 0
github.com/solomon-os/go-test/cmd/drift-detector/main.go:70.2,70.27 1 0
github.com/solomon-os/go-test/cmd/drift-detector/main.go:70.27,72.3 1 0
github.com/solomon-os/go-test/cmd/drift-detector/main.go:75.2,76.25 2 0
github.com/solomon-os/go-test/cmd/drift-detector/main.go:76.25,77.31 1 0
github.com/solomon-os/go-test/cmd/drift-detector/main.go:77.31,79.4 1 0
github.com/solomon-os/go-test/cmd/drift-detector/main.go:83.2,84.16 2 0
github.com/solomon-os/go-test/cmd/drift-detector/main.go:84.16,86.3 1 0
github.com/solomon-os/go-test/cmd/drift-detector/main.go:89.2,90.16 2 0
github.com/solomon-os/go-test/cmd/drift-detector/main.go:90.16,92.3 1 0
github.com/solomon-os/go-test/cmd/drift-detector/main.go:95.2,96.36 2 0
github.com/solomon-os/go-test/cmd/drift-detector/main.go:96.36,98.3 1 0
github.com/solomon-os/go-test/cmd/drift-detector/main.go:101.2,108.27 4 0
github.com/solomon-os/go-test/cmd/drift-detector/main.go:119.13,126.2 6 0
github.com/solomon-os/go-test/cmd/drift-detector/main.go:128.63,136.16 6 0
github.com/solomon-os/go-test/cmd/drift-detector/main.go:136.16,138.3 1 0
github.com/solomon-os/go-test/cmd/drift-detector/main.go:140.2,141.16 2 0
github.com/solomon-os/go-test/cmd/drift-detector/main.go:141.16,143.3 1 0
github.com/solomon-os/go-test/cmd/drift-detector/main.go:146.2,147.16 2 0
github.com/solomon-os/go-test/cmd/drift-detector/main.go:147.16,149.3 1 0
github.com/solomon-os/go-test/cmd/drift-detector/main.go:151.2,152.16 2 0
github.com/solomon-os/go-test/cmd/drift-detector/main.go:152.16,154.3 1 0
github.com/solomon-os/go-test/cmd/drift-detector/main.go:157.2,162.33 4 0
github.com/solomon-os/go-test/cmd/drift-detector/main.go:169.47,172.48 3 0
github.com/solomon-os/go-test/cmd/drift-detector/main.go:172.48,174.4 1 0
github.com/solomon-os/go-test/cmd/drift-detector/main.go:175.3,176.75 2 0
github.com/solomon-os/go-test/cmd/drift-detector/main.go:180.13,182.2 1 0
github.com/solomon-os/go-test/internal/drift/detector.go:38.49,39.26 1 1
github.com/solomon-os/go-test/internal/drift/detector.go:39.26,41.3 1 1
github.com/solomon-os/go-test/internal/drift/detector.go:42.2,42.42 1 1
github.com/solomon-os/go-test/internal/drift/detector.go:46.92,53.36 2 1
github.com/solomon-os/go-test/internal/drift/detector.go:53.36,55.17 2 1
github.com/solomon-os/go-test/internal/drift/detector.go:55.17,56.12 1 0
github.com/solomon-os/go-test/internal/drift/detector.go:59.3,59.40 1 1
github.com/solomon-os/go-test/internal/drift/detector.go:59.40,66.4 2 1
github.com/solomon-os/go-test/internal/drift/detector.go:69.2,69.15 1 1
github.com/solomon-os/go-test/internal/drift/detector.go:73.134,86.48 3 1
github.com/solomon-os/go-test/internal/drift/detector.go:86.48,88.47 2 1
github.com/solomon-os/go-test/internal/drift/detector.go:88.47,91.11 2 1
github.com/solomon-os/go-test/internal/drift/detector.go:92.22,97.11 2 1
github.com/solomon-os/go-test/internal/drift/detector.go:98.12,98.12 0 1
github.com/solomon-os/go-test/internal/drift/detector.go:101.4,102.11 2 1
github.com/solomon-os/go-test/internal/drift/detector.go:102.11,109.5 2 1
github.com/solomon-os/go-test/internal/drift/detector.go:111.4,112.22 2 1
github.com/solomon-os/go-test/internal/drift/detector.go:117.2,117.12 1 1
github.com/solomon-os/go-test/internal/drift/detector.go:117.12,120.3 2 1
github.com/solomon-os/go-test/internal/drift/detector.go:123.2,123.30 1 1
github.com/solomon-os/go-test/internal/drift/detector.go:123.30,126.22 3 1
github.com/solomon-os/go-test/internal/drift/detector.go:126.22,128.4 1 1
github.com/solomon-os/go-test/internal/drift/detector.go:129.3,129.14 1 1
github.com/solomon-os/go-test/internal/drift/detector.go:133.2,133.49 1 1
github.com/solomon-os/go-test/internal/drift/detector.go:133.49,135.3 1 1
github.com/solomon-os/go-test/internal/drift/detector.go:137.2,137.15 1 1
github.com/solomon-os/go-test/internal/drift/detector.go:141.115,145.16 3 1
github.com/solomon-os/go-test/internal/drift/detector.go:145.16,147.3 1 0
github.com/solomon-os/go-test/internal/drift/detector.go:149.2,150.16 2 1
github.com/solomon-os/go-test/internal/drift/detector.go:150.16,152.3 1 0
github.com/solomon-os/go-test/internal/drift/detector.go:154.2,154.31 1 1
github.com/solomon-os/go-test/internal/drift/detector.go:158.99,159.20 1 1
github.com/solomon-os/go-test/internal/drift/detector.go:159.20,161.3 1 1
github.com/solomon-os/go-test/internal/drift/detector.go:164.2,165.67 1 1
github.com/solomon-os/go-test/internal/drift/detector.go:165.67,165.92 1 1
github.com/solomon-os/go-test/internal/drift/detector.go:166.67,166.83 1 1
github.com/solomon-os/go-test/internal/drift/detector.go:167.66,167.95 1 0
github.com/solomon-os/go-test/internal/drift/detector.go:168.66,168.87 1 0
github.com/solomon-os/go-test/internal/drift/detector.go:169.66,169.84 1 0
github.com/solomon-os/go-test/internal/drift/detector.go:170.66,170.88 1 0
github.com/solomon-os/go-test/internal/drift/detector.go:171.66,171.87 1 0
github.com/solomon-os/go-test/internal/drift/detector.go:172.66,172.86 1 0
github.com/solomon-os/go-test/internal/drift/detector.go:173.66,173.93 1 1
github.com/solomon-os/go-test/internal/drift/detector.go:174.66,174.83 1 1
github.com/solomon-os/go-test/internal/drift/detector.go:175.66,175.91 1 1
github.com/solomon-os/go-test/internal/drift/detector.go:176.66,176.89 1 0
github.com/solomon-os/go-test/internal/drift/detector.go:177.67,177.98 1 0
github.com/solomon-os/go-test/internal/drift/detector.go:181.2,181.36 1 1
github.com/solomon-os/go-test/internal/drift/detector.go:181.36,182.21 1 1
github.com/solomon-os/go-test/internal/drift/detector.go:182.21,184.4 1 1
github.com/solomon-os/go-test/internal/drift/detector.go:185.3,185.71 1 1
github.com/solomon-os/go-test/internal/drift/detector.go:189.2,189.40 1 1
github.com/solomon-os/go-test/internal/drift/detector.go:189.40,191.3 1 1
github.com/solomon-os/go-test/internal/drift/detector.go:193.2,194.9 2 1
github.com/solomon-os/go-test/internal/drift/detector.go:194.9,196.3 1 1
github.com/solomon-os/go-test/internal/drift/detector.go:198.2,198.30 1 1
github.com/solomon-os/go-test/internal/drift/detector.go:202.103,203.15 1 1
github.com/solomon-os/go-test/internal/drift/detector.go:204.21,205.28 1 1
github.com/solomon-os/go-test/internal/drift/detector.go:206.21,207.28 1 1
github.com/solomon-os/go-test/internal/drift/detector.go:208.31,209.37 1 0
github.com/solomon-os/go-test/internal/drift/detector.go:210.19,211.27 1 0
github.com/solomon-os/go-test/internal/drift/detector.go:212.14,213.22 1 0
github.com/solomon-os/go-test/internal/drift/detector.go:214.20,215.28 1 0
github.com/solomon-os/go-test/internal/drift/detector.go:216.10,217.70 1 0
github.com/solomon-os/go-test/internal/drift/detector.go:222.55,224.26 1 1
github.com/solomon-os/go-test/internal/drift/detector.go:224.26,226.3 1 1
github.com/solomon-os/go-test/internal/drift/detector.go:227.2,227.26 1 1
github.com/solomon-os/go-test/internal/drift/detector.go:227.26,229.3 1 1
github.com/solomon-os/go-test/internal/drift/detector.go:232.2,235.66 3 1
github.com/solomon-os/go-test/internal/drift/detector.go:235.66,237.3 1 1
github.com/solomon-os/go-test/internal/drift/detector.go:240.2,240.62 1 1
github.com/solomon-os/go-test/internal/drift/detector.go:240.62,242.3 1 1
github.com/solomon-os/go-test/internal/drift/detector.go:245.2,245.32 1 1
github.com/solomon-os/go-test/internal/drift/detector.go:249.55,251.9 2 1
github.com/solomon-os/go-test/internal/drift/detector.go:251.9,253.3 1 0
github.com/solomon-os/go-test/internal/drift/detector.go:254.2,255.9 2 1
github.com/solomon-os/go-test/internal/drift/detector.go:255.9,257.3 1 0
github.com/solomon-os/go-test/internal/drift/detector.go:259.2,259.32 1 1
github.com/solomon-os/go-test/internal/drift/detector.go:259.32,261.3 1 1
github.com/solomon-os/go-test/internal/drift/detector.go:264.2,271.25 7 1
github.com/solomon-os/go-test/internal/drift/detector.go:271.25,272.31 1 1
github.com/solomon-os/go-test/internal/drift/detector.go:272.31,274.4 1 1
github.com/solomon-os/go-test/internal/drift/detector.go:276.2,276.13 1 1
github.com/solomon-os/go-test/internal/drift/detector.go:280.53,282.9 2 1
github.com/solomon-os/go-test/internal/drift/detector.go:282.9,284.3 1 0
github.com/solomon-os/go-test/internal/drift/detector.go:285.2,286.9 2 1
github.com/solomon-os/go-test/internal/drift/detector.go:286.9,288.3 1 0
github.com/solomon-os/go-test/internal/drift/detector.go:290.2,290.28 1 1
github.com/solomon-os/go-test/internal/drift/detector.go:290.28,292.3 1 1
github.com/solomon-os/go-test/internal/drift/detector.go:294.2,294.25 1 1
github.com/solomon-os/go-test/internal/drift/detector.go:294.25,295.19 1 1
github.com/solomon-os/go-test/internal/drift/detector.go:295.19,297.4 1 1
github.com/solomon-os/go-test/internal/drift/detector.go:299.2,299.13 1 1
github.com/solomon-os/go-test/internal/drift/detector.go:303.45,305.2 1 1
github.com/solomon-os/go-test/internal/reporter/reporter.go:30.48,35.2 1 1
github.com/solomon-os/go-test/internal/reporter/reporter.go:38.61,39.18 1 1
github.com/solomon-os/go-test/internal/reporter/reporter.go:40.18,41.30 1 1
github.com/solomon-os/go-test/internal/reporter/reporter.go:42.19,43.31 1 1
github.com/solomon-os/go-test/internal/reporter/reporter.go:44.18,45.30 1 1
github.com/solomon-os/go-test/internal/reporter/reporter.go:46.10,47.30 1 1
github.com/solomon-os/go-test/internal/reporter/reporter.go:52.67,58.21 2 1
github.com/solomon-os/go-test/internal/reporter/reporter.go:58.21,60.3 1 1
github.com/solomon-os/go-test/internal/reporter/reporter.go:61.2,61.25 1 1
github.com/solomon-os/go-test/internal/reporter/reporter.go:65.65,69.2 3 1
github.com/solomon-os/go-test/internal/reporter/reporter.go:72.66,79.40 4 1
github.com/solomon-os/go-test/internal/reporter/reporter.go:79.40,81.22 2 1
github.com/solomon-os/go-test/internal/reporter/reporter.go:81.22,83.4 1 1
github.com/solomon-os/go-test/internal/reporter/reporter.go:85.3,86.35 2 1
github.com/solomon-os/go-test/internal/reporter/reporter.go:86.35,88.42 2 1
github.com/solomon-os/go-test/internal/reporter/reporter.go:88.42,90.5 1 1
github.com/solomon-os/go-test/internal/reporter/reporter.go:91.4,91.41 1 1
github.com/solomon-os/go-test/internal/reporter/reporter.go:94.3,94.25 1 1
github.com/solomon-os/go-test/internal/reporter/reporter.go:94.25,96.4 1 1
github.com/solomon-os/go-test/internal/reporter/reporter.go:98.3,98.72 1 1
github.com/solomon-os/go-test/internal/reporter/reporter.go:101.2,104.18 3 1
github.com/solomon-os/go-test/internal/reporter/reporter.go:108.65,112.40 3 1
github.com/solomon-os/go-test/internal/reporter/reporter.go:112.40,115.25 2 1
github.com/solomon-os/go-test/internal/reporter/reporter.go:115.25,117.12 2 1
github.com/solomon-os/go-test/internal/reporter/reporter.go:120.3,120.23 1 1
github.com/solomon-os/go-test/internal/reporter/reporter.go:120.23,122.12 2 1
github.com/solomon-os/go-test/internal/reporter/reporter.go:125.3,128.44 3 1
github.com/solomon-os/go-test/internal/reporter/reporter.go:128.44,132.4 3 1
github.com/solomon-os/go-test/internal/reporter/reporter.go:133.3,133.30 1 1
github.com/solomon-os/go-test/internal/reporter/reporter.go:136.2,142.12 6 1
github.com/solomon-os/go-test/internal/reporter/reporter.go:146.32,147.25 1 1
github.com/solomon-os/go-test/internal/reporter/reporter.go:148.16,149.20 1 1
github.com/solomon-os/go-test/internal/reporter/reporter.go:149.20,151.4 1 1
github.com/solomon-os/go-test/internal/reporter/reporter.go:152.3,152.54 1 1
github.com/solomon-os/go-test/internal/reporter/reporter.go:153.25,154.20 1 1
github.com/solomon-os/go-test/internal/reporter/reporter.go:154.20,156.4 1 1
github.com/solomon-os/go-test/internal/reporter/reporter.go:157.3,158.25 2 1
github.com/solomon-os/go-test/internal/reporter/reporter.go:158.25,160.4 1 1
github.com/solomon-os/go-test/internal/reporter/reporter.go:161.3,161.56 1 1
github.com/solomon-os/go-test/internal/reporter/reporter.go:162.14,163.16 1 1
github.com/solomon-os/go-test/internal/reporter/reporter.go:163.16,165.4 1 1
github.com/solomon-os/go-test/internal/reporter/reporter.go:166.3,166.13 1 1
github.com/solomon-os/go-test/internal/reporter/reporter.go:167.10,168.30 1 1
github.com/solomon-os/go-test/internal/aws/ec2.go:25.69,27.16 2 0
github.com/solomon-os/go-test/internal/aws/ec2.go:27.16,29.3 1 0
github.com/solomon-os/go-test/internal/aws/ec2.go:31.2,33.8 1 0
github.com/solomon-os/go-test/internal/aws/ec2.go:37.49,39.2 1 1
github.com/solomon-os/go-test/internal/aws/ec2.go:42.99,48.16 3 1
github.com/solomon-os/go-test/internal/aws/ec2.go:48.16,50.3 1 1
github.com/solomon-os/go-test/internal/aws/ec2.go:52.2,52.81 1 1
github.com/solomon-os/go-test/internal/aws/ec2.go:52.81,54.3 1 1
github.com/solomon-os/go-test/internal/aws/ec2.go:56.2,56.69 1 1
github.com/solomon-os/go-test/internal/aws/ec2.go:60.105,66.16 3 1
github.com/solomon-os/go-test/internal/aws/ec2.go:66.16,68.3 1 1
github.com/solomon-os/go-test/internal/aws/ec2.go:70.2,71.50 2 1
github.com/solomon-os/go-test/internal/aws/ec2.go:71.50,72.50 1 1
github.com/solomon-os/go-test/internal/aws/ec2.go:72.50,74.4 1 1
github.com/solomon-os/go-test/internal/aws/ec2.go:77.2,77.23 1 1
github.com/solomon-os/go-test/internal/aws/ec2.go:81.70,97.31 2 1
github.com/solomon-os/go-test/internal/aws/ec2.go:97.31,99.3 1 1
github.com/solomon-os/go-test/internal/aws/ec2.go:102.2,102.32 1 1
github.com/solomon-os/go-test/internal/aws/ec2.go:102.32,104.3 1 1
github.com/solomon-os/go-test/internal/aws/ec2.go:107.2,107.40 1 1
github.com/solomon-os/go-test/internal/aws/ec2.go:107.40,109.3 1 1
github.com/solomon-os/go-test/internal/aws/ec2.go:112.2,112.45 1 1
github.com/solomon-os/go-test/internal/aws/ec2.go:112.45,113.24 1 1
github.com/solomon-os/go-test/internal/aws/ec2.go:113.24,115.4 1 1
github.com/solomon-os/go-test/internal/aws/ec2.go:119.2,119.36 1 1
github.com/solomon-os/go-test/internal/aws/ec2.go:119.36,120.41 1 1
github.com/solomon-os/go-test/internal/aws/ec2.go:120.41,122.4 1 1
github.com/solomon-os/go-test/internal/aws/ec2.go:126.2,126.51 1 1
github.com/solomon-os/go-test/internal/aws/ec2.go:126.51,127.87 1 1
github.com/solomon-os/go-test/internal/aws/ec2.go:127.87,128.22 1 1
github.com/solomon-os/go-test/internal/aws/ec2.go:128.22,132.5 1 1
github.com/solomon-os/go-test/internal/aws/ec2.go:133.4,133.9 1 1
github.com/solomon-os/go-test/internal/aws/ec2.go:137.2,137.16 1 1
github.com/solomon-os/go-test/internal/aws/ec2.go:140.36,141.14 1 1
github.com/solomon-os/go-test/internal/aws/ec2.go:141.14,143.3 1 1
github.com/solomon-os/go-test/internal/aws/ec2.go:144.2,144.11 1 1
github.com/solomon-os/go-test/internal/aws/ec2.go:147.30,148.14 1 1
github.com/solomon-os/go-test/internal/aws/ec2.go:148.14,150.3 1 1
github.com/solomon-os/go-test/internal/aws/ec2.go:151.2,151.11 1 1
github.com/solomon-os/go-test/internal/terraform/parser.go:18.26,20.2 1 1
github.com/solomon-os/go-test/internal/terraform/parser.go:72.90,74.16 2 1
github.com/solomon-os/go-test/internal/terraform/parser.go:74.16,76.3 1 1
github.com/solomon-os/go-test/internal/terraform/parser.go:78.2,78.31 1 1
github.com/solomon-os/go-test/internal/terraform/parser.go:82.86,84.53 2 1
github.com/solomon-os/go-test/internal/terraform/parser.go:84.53,86.3 1 1
github.com/solomon-os/go-test/internal/terraform/parser.go:88.2,90.43 2 1
github.com/solomon-os/go-test/internal/terraform/parser.go:90.43,91.38 1 1
github.com/solomon-os/go-test/internal/terraform/parser.go:91.38,92.12 1 1
github.com/solomon-os/go-test/internal/terraform/parser.go:95.3,95.43 1 1
github.com/solomon-os/go-test/internal/terraform/parser.go:95.43,97.18 2 1
github.com/solomon-os/go-test/internal/terraform/parser.go:97.18,99.5 1 0
github.com/solomon-os/go-test/internal/terraform/parser.go:100.4,100.43 1 1
github.com/solomon-os/go-test/internal/terraform/parser.go:104.2,104.23 1 1
github.com/solomon-os/go-test/internal/terraform/parser.go:108.88,110.53 2 1
github.com/solomon-os/go-test/internal/terraform/parser.go:110.53,112.3 1 0
github.com/solomon-os/go-test/internal/terraform/parser.go:114.2,130.55 2 1
github.com/solomon-os/go-test/internal/terraform/parser.go:130.55,132.3 1 1
github.com/solomon-os/go-test/internal/terraform/parser.go:135.2,135.40 1 1
github.com/solomon-os/go-test/internal/terraform/parser.go:135.40,137.3 1 1
github.com/solomon-os/go-test/internal/terraform/parser.go:137.8,139.3 1 1
github.com/solomon-os/go-test/internal/terraform/parser.go:142.2,142.36 1 1
github.com/solomon-os/go-test/internal/terraform/parser.go:142.36,152.3 2 1
github.com/solomon-os/go-test/internal/terraform/parser.go:154.2,154.22 1 1
github.com/solomon-os/go-test/internal/terraform/parser.go:158.85,161.13 2 1
github.com/solomon-os/go-test/internal/terraform/parser.go:162.27,163.36 1 1
github.com/solomon-os/go-test/internal/terraform/parser.go:164.10,165.59 1 1
github.com/solomon-os/go-test/internal/terraform/parser.go:170.124,172.9 2 1
github.com/solomon-os/go-test/internal/terraform/parser.go:172.9,174.3 1 1
github.com/solomon-os/go-test/internal/terraform/parser.go:175.2,175.22 1 1
